#
# There is insufficient memory for the Java Runtime Environment to continue.
# Cannot create GC thread. Out of system resources.
# Possible reasons:
#   The system is out of physical RAM or swap space
#   In 32 bit mode, the process size limit was hit
# Possible solutions:
#   Reduce memory load on the system
#   Increase physical memory or swap space
#   Check if swap backing store is full
#   Use 64 bit Java on a 64 bit OS
#   Decrease Java heap size (-Xmx/-Xms)
#   Decrease number of Java threads
#   Decrease Java thread stack sizes (-Xss)
#   Set larger code cache with -XX:ReservedCodeCacheSize=
# This output file may be truncated or incomplete.
#
#  Out of Memory Error (gcTaskThread.cpp:46), pid=22353, tid=140094251038528
#
# JRE version:  (8.0_11-b12) (build )
# Java VM: Java HotSpot(TM) 64-Bit Server VM (25.11-b03 mixed mode linux-amd64 compressed oops)
# Failed to write core dump. Core dumps have been disabled. To enable core dumping, try "ulimit -c unlimited" before starting Java again
#

---------------  T H R E A D  ---------------

Current thread (0x00000000009a1000):  JavaThread "Unknown thread" [_thread_in_vm, id=22353, stack(0x00007fff3d6d2000,0x00007fff3d7d2000)]

Stack: [0x00007fff3d6d2000,0x00007fff3d7d2000],  sp=0x00007fff3d7cb4f0,  free space=997k
Native frames: (J=compiled Java code, j=interpreted, Vv=VM code, C=native code)
V  [libjvm.so+0xa2f59a]  VMError::report_and_die()+0x2ca
V  [libjvm.so+0x4b2e4b]  report_vm_out_of_memory(char const*, int, unsigned long, VMErrorType, char const*)+0x8b
V  [libjvm.so+0x57527f]  GCTaskThread::GCTaskThread(GCTaskManager*, unsigned int, unsigned int)+0x11f
V  [libjvm.so+0x5747e8]  GCTaskManager::initialize()+0x2c8
V  [libjvm.so+0x8bf6cb]  ParallelScavengeHeap::initialize()+0x32b
V  [libjvm.so+0x9fd733]  Universe::initialize_heap()+0xe3
V  [libjvm.so+0x9fdb74]  universe_init()+0x64
V  [libjvm.so+0x5d46d5]  init_globals()+0x65
V  [libjvm.so+0x9e445d]  Threads::create_vm(JavaVMInitArgs*, bool*)+0x24d
V  [libjvm.so+0x665b04]  JNI_CreateJavaVM+0x74
C  [libjli.so+0x703e]  JavaMain+0x9e
C  [libjli.so+0xace3]  ContinueInNewThread0+0x63
C  [libjli.so+0x663a]  ContinueInNewThread+0x7a
C  [libjli.so+0x9250]  JLI_Launch+0x480
C  [java+0x696]  __libc_start_main@@GLIBC_2.2.5+0x696


---------------  P R O C E S S  ---------------

Java Threads: ( => current thread )

Other Threads:

=>0x00000000009a1000 (exited) JavaThread "Unknown thread" [_thread_in_vm, id=22353, stack(0x00007fff3d6d2000,0x00007fff3d7d2000)]

VM state:not at safepoint (not fully initialized)

VM Mutex/Monitor currently owned by a thread: None

GC Heap History (0 events):
No events

Deoptimization events (0 events):
No events

Internal exceptions (0 events):
No events

Events (0 events):
No events


Dynamic libraries:
00400000-00401000 r-xp 00000000 fd:01 1322516                            /usr/local/jdk1.8.0_11/bin/java
00600000-00601000 rw-p 00000000 fd:01 1322516                            /usr/local/jdk1.8.0_11/bin/java
00993000-009d5000 rw-p 00000000 00:00 0                                  [heap]
c2a00000-c6680000 rw-p 00000000 00:00 0 
c6680000-eb900000 ---p 00000000 00:00 0 
eb900000-eba80000 rw-p 00000000 00:00 0 
eba80000-100000000 ---p 00000000 00:00 0 
7f6a235d0000-7f6a23857000 rw-p 00000000 00:00 0 
7f6a23857000-7f6a23980000 ---p 00000000 00:00 0 
7f6a23980000-7f6a2399f000 rw-p 00000000 00:00 0 
7f6a2399f000-7f6a23ac7000 ---p 00000000 00:00 0 
7f6a23ac7000-7f6a23ac9000 rw-p 00000000 00:00 0 
7f6a23ac9000-7f6a23b6b000 ---p 00000000 00:00 0 
7f6a23b6b000-7f6a23b76000 rw-p 00000000 00:00 0 
7f6a23b76000-7f6a23f2c000 ---p 00000000 00:00 0 
7f6a23f2c000-7f6a2419c000 rwxp 00000000 00:00 0 
7f6a2419c000-7f6a32f2c000 ---p 00000000 00:00 0 
7f6a32f2c000-7f6a32f48000 r-xp 00000000 fd:01 1322322                    /usr/local/jdk1.8.0_11/jre/lib/amd64/libzip.so
7f6a32f48000-7f6a33147000 ---p 0001c000 fd:01 1322322                    /usr/local/jdk1.8.0_11/jre/lib/amd64/libzip.so
7f6a33147000-7f6a33148000 rw-p 0001b000 fd:01 1322322                    /usr/local/jdk1.8.0_11/jre/lib/amd64/libzip.so
7f6a33148000-7f6a33153000 r-xp 00000000 fd:01 1316104                    /usr/lib64/libnss_files-2.18.so
7f6a33153000-7f6a33352000 ---p 0000b000 fd:01 1316104                    /usr/lib64/libnss_files-2.18.so
7f6a33352000-7f6a33353000 r--p 0000a000 fd:01 1316104                    /usr/lib64/libnss_files-2.18.so
7f6a33353000-7f6a33354000 rw-p 0000b000 fd:01 1316104                    /usr/lib64/libnss_files-2.18.so
7f6a33354000-7f6a3987d000 r--p 00000000 fd:01 1318646                    /usr/lib/locale/locale-archive
7f6a3987d000-7f6a39880000 r-xp 00000000 fd:01 1322321                    /usr/local/jdk1.8.0_11/jre/lib/amd64/libnpt.so
7f6a39880000-7f6a39a7f000 ---p 00003000 fd:01 1322321                    /usr/local/jdk1.8.0_11/jre/lib/amd64/libnpt.so
7f6a39a7f000-7f6a39a80000 rw-p 00002000 fd:01 1322321                    /usr/local/jdk1.8.0_11/jre/lib/amd64/libnpt.so
7f6a39a80000-7f6a39ab9000 r-xp 00000000 fd:01 1322295                    /usr/local/jdk1.8.0_11/jre/lib/amd64/libjdwp.so
7f6a39ab9000-7f6a39cb8000 ---p 00039000 fd:01 1322295                    /usr/local/jdk1.8.0_11/jre/lib/amd64/libjdwp.so
7f6a39cb8000-7f6a39cba000 rw-p 00038000 fd:01 1322295                    /usr/local/jdk1.8.0_11/jre/lib/amd64/libjdwp.so
7f6a39cba000-7f6a39ce4000 r-xp 00000000 fd:01 1322300                    /usr/local/jdk1.8.0_11/jre/lib/amd64/libjava.so
7f6a39ce4000-7f6a39ee4000 ---p 0002a000 fd:01 1322300                    /usr/local/jdk1.8.0_11/jre/lib/amd64/libjava.so
7f6a39ee4000-7f6a39ee6000 rw-p 0002a000 fd:01 1322300                    /usr/local/jdk1.8.0_11/jre/lib/amd64/libjava.so
7f6a39ee6000-7f6a39ef3000 r-xp 00000000 fd:01 1322265                    /usr/local/jdk1.8.0_11/jre/lib/amd64/libverify.so
7f6a39ef3000-7f6a3a0f3000 ---p 0000d000 fd:01 1322265                    /usr/local/jdk1.8.0_11/jre/lib/amd64/libverify.so
7f6a3a0f3000-7f6a3a0f5000 rw-p 0000d000 fd:01 1322265                    /usr/local/jdk1.8.0_11/jre/lib/amd64/libverify.so
7f6a3a0f5000-7f6a3a0fc000 r-xp 00000000 fd:01 1316208                    /usr/lib64/librt-2.18.so
7f6a3a0fc000-7f6a3a2fb000 ---p 00007000 fd:01 1316208                    /usr/lib64/librt-2.18.so
7f6a3a2fb000-7f6a3a2fc000 r--p 00006000 fd:01 1316208                    /usr/lib64/librt-2.18.so
7f6a3a2fc000-7f6a3a2fd000 rw-p 00007000 fd:01 1316208                    /usr/lib64/librt-2.18.so
7f6a3a2fd000-7f6a3a402000 r-xp 00000000 fd:01 1315730                    /usr/lib64/libm-2.18.so
7f6a3a402000-7f6a3a602000 ---p 00105000 fd:01 1315730                    /usr/lib64/libm-2.18.so
7f6a3a602000-7f6a3a603000 r--p 00105000 fd:01 1315730                    /usr/lib64/libm-2.18.so
7f6a3a603000-7f6a3a604000 rw-p 00106000 fd:01 1315730                    /usr/lib64/libm-2.18.so
7f6a3a604000-7f6a3b21e000 r-xp 00000000 fd:01 1322184                    /usr/local/jdk1.8.0_11/jre/lib/amd64/server/libjvm.so
7f6a3b21e000-7f6a3b41e000 ---p 00c1a000 fd:01 1322184                    /usr/local/jdk1.8.0_11/jre/lib/amd64/server/libjvm.so
7f6a3b41e000-7f6a3b4e7000 rw-p 00c1a000 fd:01 1322184                    /usr/local/jdk1.8.0_11/jre/lib/amd64/server/libjvm.so
7f6a3b4e7000-7f6a3b528000 rw-p 00000000 00:00 0 
7f6a3b528000-7f6a3b6dc000 r-xp 00000000 fd:01 1315617                    /usr/lib64/libc-2.18.so
7f6a3b6dc000-7f6a3b8dc000 ---p 001b4000 fd:01 1315617                    /usr/lib64/libc-2.18.so
7f6a3b8dc000-7f6a3b8e0000 r--p 001b4000 fd:01 1315617                    /usr/lib64/libc-2.18.so
7f6a3b8e0000-7f6a3b8e2000 rw-p 001b8000 fd:01 1315617                    /usr/lib64/libc-2.18.so
7f6a3b8e2000-7f6a3b8e7000 rw-p 00000000 00:00 0 
7f6a3b8e7000-7f6a3b8ea000 r-xp 00000000 fd:01 1315707                    /usr/lib64/libdl-2.18.so
7f6a3b8ea000-7f6a3bae9000 ---p 00003000 fd:01 1315707                    /usr/lib64/libdl-2.18.so
7f6a3bae9000-7f6a3baea000 r--p 00002000 fd:01 1315707                    /usr/lib64/libdl-2.18.so
7f6a3baea000-7f6a3baeb000 rw-p 00003000 fd:01 1315707                    /usr/lib64/libdl-2.18.so
7f6a3baeb000-7f6a3bb02000 r-xp 00000000 fd:01 1322330                    /usr/local/jdk1.8.0_11/lib/amd64/jli/libjli.so
7f6a3bb02000-7f6a3bd01000 ---p 00017000 fd:01 1322330                    /usr/local/jdk1.8.0_11/lib/amd64/jli/libjli.so
7f6a3bd01000-7f6a3bd02000 rw-p 00016000 fd:01 1322330                    /usr/local/jdk1.8.0_11/lib/amd64/jli/libjli.so
7f6a3bd02000-7f6a3bd1a000 r-xp 00000000 fd:01 1316108                    /usr/lib64/libpthread-2.18.so
7f6a3bd1a000-7f6a3bf19000 ---p 00018000 fd:01 1316108                    /usr/lib64/libpthread-2.18.so
7f6a3bf19000-7f6a3bf1a000 r--p 00017000 fd:01 1316108                    /usr/lib64/libpthread-2.18.so
7f6a3bf1a000-7f6a3bf1b000 rw-p 00018000 fd:01 1316108                    /usr/lib64/libpthread-2.18.so
7f6a3bf1b000-7f6a3bf1f000 rw-p 00000000 00:00 0 
7f6a3bf1f000-7f6a3bf3f000 r-xp 00000000 fd:01 1308858                    /usr/lib64/ld-2.18.so
7f6a3c016000-7f6a3c017000 ---p 00000000 00:00 0 
7f6a3c017000-7f6a3c11b000 rw-p 00000000 00:00 0 
7f6a3c130000-7f6a3c133000 rw-p 00000000 00:00 0 
7f6a3c133000-7f6a3c13b000 rw-s 00000000 00:22 6525453                    /tmp/hsperfdata_BimbozZ/22353
7f6a3c13b000-7f6a3c13c000 rw-p 00000000 00:00 0 
7f6a3c13c000-7f6a3c13d000 r--p 00000000 00:00 0 
7f6a3c13d000-7f6a3c13e000 rw-p 00000000 00:00 0 
7f6a3c13e000-7f6a3c13f000 r--p 0001f000 fd:01 1308858                    /usr/lib64/ld-2.18.so
7f6a3c13f000-7f6a3c140000 rw-p 00020000 fd:01 1308858                    /usr/lib64/ld-2.18.so
7f6a3c140000-7f6a3c141000 rw-p 00000000 00:00 0 
7fff3d6d2000-7fff3d6d5000 ---p 00000000 00:00 0 
7fff3d6d6000-7fff3d7d2000 rw-p 00000000 00:00 0                          [stack]
7fff3d7fe000-7fff3d800000 r-xp 00000000 00:00 0                          [vdso]
ffffffffff600000-ffffffffff601000 r-xp 00000000 00:00 0                  [vsyscall]

VM Arguments:
jvm_args: -Xdebug -Xrunjdwp:transport=dt_socket,address=localhost:45909 -Dfile.encoding=UTF-8 
java_command: publicationnetworks.Main
java_class_path (initial): /home/BimbozZ/Documentos/Proyectos/Java/PublicationNetwork/src/crawler4j/crawler4j-3.5.jar:/home/BimbozZ/Documentos/Proyectos/Java/PublicationNetwork/src/crawler4jdependencies/apache-mime4j-core-0.7.jar:/home/BimbozZ/Documentos/Proyectos/Java/PublicationNetwork/src/crawler4jdependencies/apache-mime4j-dom-0.7.jar:/home/BimbozZ/Documentos/Proyectos/Java/PublicationNetwork/src/crawler4jdependencies/asm-3.1.jar:/home/BimbozZ/Documentos/Proyectos/Java/PublicationNetwork/src/crawler4jdependencies/boilerpipe-1.1.0.jar:/home/BimbozZ/Documentos/Proyectos/Java/PublicationNetwork/src/crawler4jdependencies/commons-codec-1.6.jar:/home/BimbozZ/Documentos/Proyectos/Java/PublicationNetwork/src/crawler4jdependencies/commons-compress-1.3.jar:/home/BimbozZ/Documentos/Proyectos/Java/PublicationNetwork/src/crawler4jdependencies/commons-logging-1.1.1.jar:/home/BimbozZ/Documentos/Proyectos/Java/PublicationNetwork/src/crawler4jdependencies/geronimo-stax-api_1.0_spec-1.0.1.jar:/home/BimbozZ/Documentos/Proyectos/Java/PublicationNetwork/src/crawler4jdependencies/httpclient-4.2.3.jar:/home/BimbozZ/Documentos/Proyectos/Java/PublicationNetwork/src/crawler4jdependencies/httpcore-4.2.2.jar:/home/BimbozZ/Documentos/Proyectos/Java/PublicationNetwork/src/crawler4jdependencies/je-4.0.92.jar:/home/BimbozZ/Documentos/Proyectos/Java/PublicationNetwork/src/crawler4jdependencies/log4j-1.2.14.jar:/home/BimbozZ/Documentos/Proyectos/Java/PublicationNetwork/src/crawler4jdependencies/metadata-extractor-2.4.0-beta-1.jar:/home/BimbozZ/Documentos/Proyectos/Java/PublicationNetwork/src/crawler4jdependencies/tagsoup-1.2.1.jar:/home/BimbozZ/Documentos/Proyectos/Java/PublicationNetwork/src/crawler4jdependencies/tika-core-1.0.jar:/home/BimbozZ/Documentos/Proyectos/Java/PublicationNetwork/src/crawler4jdependencies/tika-parsers-1.0.jar:/home/BimbozZ/Documentos/Proyectos/Java/PublicationNetwork/src/jsoup-1.8.3.jar:/home/BimbozZ/Documentos/Proyectos/Java/PublicationNetwork/build/classes
Launcher Type: SUN_STANDARD

Environment Variables:
PATH=/usr/lib64/qt-3.3/bin:/usr/local/bin:/usr/local/sbin:/usr/bin:/usr/sbin:/bin:/sbin:/home/BimbozZ/.local/bin:/home/BimbozZ/bin
USERNAME=BimbozZ
LD_LIBRARY_PATH=/usr/local/jdk1.8.0_11/jre/lib/amd64:/usr/local/jdk1.8.0_11/jre/lib/i386:
SHELL=/bin/bash
DISPLAY=:0

Signal Handlers:
SIGSEGV: [libjvm.so+0xa2fde0], sa_mask[0]=0x7ffbfeff, sa_flags=0x10000004
SIGBUS: [libjvm.so+0xa2fde0], sa_mask[0]=0x7ffbfeff, sa_flags=0x10000004
SIGFPE: [libjvm.so+0x89b420], sa_mask[0]=0x7ffbfeff, sa_flags=0x10000004
SIGPIPE: [libjvm.so+0x89b420], sa_mask[0]=0x7ffbfeff, sa_flags=0x10000004
SIGXFSZ: [libjvm.so+0x89b420], sa_mask[0]=0x7ffbfeff, sa_flags=0x10000004
SIGILL: [libjvm.so+0x89b420], sa_mask[0]=0x7ffbfeff, sa_flags=0x10000004
SIGUSR1: SIG_DFL, sa_mask[0]=0x00000000, sa_flags=0x00000000
SIGUSR2: [libjvm.so+0x89cbc0], sa_mask[0]=0x00000004, sa_flags=0x10000004
SIGHUP: SIG_DFL, sa_mask[0]=0x00000000, sa_flags=0x00000000
SIGINT: SIG_IGN, sa_mask[0]=0x00000000, sa_flags=0x00000000
SIGTERM: SIG_DFL, sa_mask[0]=0x00000000, sa_flags=0x00000000
SIGQUIT: SIG_DFL, sa_mask[0]=0x00000000, sa_flags=0x00000000


---------------  S Y S T E M  ---------------

OS:Fedora release 20 (Heisenbug)

uname:Linux 3.15.10-200.fc20.x86_64 #1 SMP Thu Aug 14 15:39:24 UTC 2014 x86_64
libc:glibc 2.18 NPTL 2.18 
rlimit: STACK 8192k, CORE 0k, NPROC 1024, NOFILE 4096, AS infinity
load average:18.94 7.87 3.30

/proc/meminfo:
MemTotal:        4017976 kB
MemFree:          151852 kB
MemAvailable:     206864 kB
Buffers:            5896 kB
Cached:           184384 kB
SwapCached:        38420 kB
Active:          2629704 kB
Inactive:         907996 kB
Active(anon):    2555588 kB
Inactive(anon):   827452 kB
Active(file):      74116 kB
Inactive(file):    80544 kB
Unevictable:           0 kB
Mlocked:               0 kB
SwapTotal:       4079612 kB
SwapFree:        3560564 kB
Dirty:              1260 kB
Writeback:            24 kB
AnonPages:       3312948 kB
Mapped:           128972 kB
Shmem:             35432 kB
Slab:             181764 kB
SReclaimable:     124296 kB
SUnreclaim:        57468 kB
KernelStack:       19824 kB
PageTables:        49920 kB
NFS_Unstable:          0 kB
Bounce:                0 kB
WritebackTmp:          0 kB
CommitLimit:     6088600 kB
Committed_AS:   10205616 kB
VmallocTotal:   34359738367 kB
VmallocUsed:      302652 kB
VmallocChunk:   34359416876 kB
HardwareCorrupted:     0 kB
AnonHugePages:         0 kB
HugePages_Total:       0
HugePages_Free:        0
HugePages_Rsvd:        0
HugePages_Surp:        0
Hugepagesize:       2048 kB
DirectMap4k:      121600 kB
DirectMap2M:     4042752 kB


CPU:total 4 (2 cores per cpu, 2 threads per core) family 6 model 42 stepping 7, cmov, cx8, fxsr, mmx, sse, sse2, sse3, ssse3, sse4.1, sse4.2, popcnt, avx, aes, clmul, ht, tsc, tscinvbit

/proc/cpuinfo:
processor	: 0
vendor_id	: GenuineIntel
cpu family	: 6
model		: 42
model name	: Intel(R) Core(TM) i5-2450M CPU @ 2.50GHz
stepping	: 7
microcode	: 0x29
cpu MHz		: 2200.000
cache size	: 3072 KB
physical id	: 0
siblings	: 4
core id		: 0
cpu cores	: 2
apicid		: 0
initial apicid	: 0
fpu		: yes
fpu_exception	: yes
cpuid level	: 13
wp		: yes
flags		: fpu vme de pse tsc msr pae mce cx8 apic sep mtrr pge mca cmov pat pse36 clflush dts acpi mmx fxsr sse sse2 ss ht tm pbe syscall nx rdtscp lm constant_tsc arch_perfmon pebs bts rep_good nopl xtopology nonstop_tsc aperfmperf eagerfpu pni pclmulqdq dtes64 monitor ds_cpl vmx est tm2 ssse3 cx16 xtpr pdcm pcid sse4_1 sse4_2 x2apic popcnt tsc_deadline_timer aes xsave avx lahf_lm ida arat epb xsaveopt pln pts dtherm tpr_shadow vnmi flexpriority ept vpid
bogomips	: 4988.77
clflush size	: 64
cache_alignment	: 64
address sizes	: 36 bits physical, 48 bits virtual
power management:

processor	: 1
vendor_id	: GenuineIntel
cpu family	: 6
model		: 42
model name	: Intel(R) Core(TM) i5-2450M CPU @ 2.50GHz
stepping	: 7
microcode	: 0x29
cpu MHz		: 2200.000
cache size	: 3072 KB
physical id	: 0
siblings	: 4
core id		: 0
cpu cores	: 2
apicid		: 1
initial apicid	: 1
fpu		: yes
fpu_exception	: yes
cpuid level	: 13
wp		: yes
flags		: fpu vme de pse tsc msr pae mce cx8 apic sep mtrr pge mca cmov pat pse36 clflush dts acpi mmx fxsr sse sse2 ss ht tm pbe syscall nx rdtscp lm constant_tsc arch_perfmon pebs bts rep_good nopl xtopology nonstop_tsc aperfmperf eagerfpu pni pclmulqdq dtes64 monitor ds_cpl vmx est tm2 ssse3 cx16 xtpr pdcm pcid sse4_1 sse4_2 x2apic popcnt tsc_deadline_timer aes xsave avx lahf_lm ida arat epb xsaveopt pln pts dtherm tpr_shadow vnmi flexpriority ept vpid
bogomips	: 4988.77
clflush size	: 64
cache_alignment	: 64
address sizes	: 36 bits physical, 48 bits virtual
power management:

processor	: 2
vendor_id	: GenuineIntel
cpu family	: 6
model		: 42
model name	: Intel(R) Core(TM) i5-2450M CPU @ 2.50GHz
stepping	: 7
microcode	: 0x29
cpu MHz		: 2200.000
cache size	: 3072 KB
physical id	: 0
siblings	: 4
core id		: 1
cpu cores	: 2
apicid		: 2
initial apicid	: 2
fpu		: yes
fpu_exception	: yes
cpuid level	: 13
wp		: yes
flags		: fpu vme de pse tsc msr pae mce cx8 apic sep mtrr pge mca cmov pat pse36 clflush dts acpi mmx fxsr sse sse2 ss ht tm pbe syscall nx rdtscp lm constant_tsc arch_perfmon pebs bts rep_good nopl xtopology nonstop_tsc aperfmperf eagerfpu pni pclmulqdq dtes64 monitor ds_cpl vmx est tm2 ssse3 cx16 xtpr pdcm pcid sse4_1 sse4_2 x2apic popcnt tsc_deadline_timer aes xsave avx lahf_lm ida arat epb xsaveopt pln pts dtherm tpr_shadow vnmi flexpriority ept vpid
bogomips	: 4988.77
clflush size	: 64
cache_alignment	: 64
address sizes	: 36 bits physical, 48 bits virtual
power management:

processor	: 3
vendor_id	: GenuineIntel
cpu family	: 6
model		: 42
model name	: Intel(R) Core(TM) i5-2450M CPU @ 2.50GHz
stepping	: 7
microcode	: 0x29
cpu MHz		: 2200.000
cache size	: 3072 KB
physical id	: 0
siblings	: 4
core id		: 1
cpu cores	: 2
apicid		: 3
initial apicid	: 3
fpu		: yes
fpu_exception	: yes
cpuid level	: 13
wp		: yes
flags		: fpu vme de pse tsc msr pae mce cx8 apic sep mtrr pge mca cmov pat pse36 clflush dts acpi mmx fxsr sse sse2 ss ht tm pbe syscall nx rdtscp lm constant_tsc arch_perfmon pebs bts rep_good nopl xtopology nonstop_tsc aperfmperf eagerfpu pni pclmulqdq dtes64 monitor ds_cpl vmx est tm2 ssse3 cx16 xtpr pdcm pcid sse4_1 sse4_2 x2apic popcnt tsc_deadline_timer aes xsave avx lahf_lm ida arat epb xsaveopt pln pts dtherm tpr_shadow vnmi flexpriority ept vpid
bogomips	: 4988.77
clflush size	: 64
cache_alignment	: 64
address sizes	: 36 bits physical, 48 bits virtual
power management:



Memory: 4k page, physical 4017976k(151820k free), swap 4079612k(3560564k free)

vm_info: Java HotSpot(TM) 64-Bit Server VM (25.11-b03) for linux-amd64 JRE (1.8.0_11-b12), built on Jun 16 2014 17:29:59 by "java_re" with gcc 4.3.0 20080428 (Red Hat 4.3.0-8)

time: Sat Sep  5 22:40:46 2015
elapsed time: 0 seconds

